2018-04-25 02:08:25.675  WARN 69333 --- [HikariPool-1 housekeeper] com.zaxxer.hikari.pool.HikariPool        : HikariPool-1 - Thread starvation or clock leap detected (housekeeper delta=3h16s347ms).
2018-04-25 03:56:37.898  WARN 69333 --- [HikariPool-1 housekeeper] com.zaxxer.hikari.pool.HikariPool        : HikariPool-1 - Thread starvation or clock leap detected (housekeeper delta=1h48m12s198ms).
2018-04-25 05:44:55.087  WARN 69333 --- [HikariPool-1 housekeeper] com.zaxxer.hikari.pool.HikariPool        : HikariPool-1 - Thread starvation or clock leap detected (housekeeper delta=1h48m17s214ms).
2018-04-25 07:33:13.267  WARN 69333 --- [HikariPool-1 housekeeper] com.zaxxer.hikari.pool.HikariPool        : HikariPool-1 - Thread starvation or clock leap detected (housekeeper delta=1h48m18s170ms).
2018-04-25 10:14:03.984  WARN 69333 --- [HikariPool-1 housekeeper] com.zaxxer.hikari.pool.HikariPool        : HikariPool-1 - Thread starvation or clock leap detected (housekeeper delta=2h40m50s720ms).
2018-04-25 10:14:28.552  WARN 69333 --- [HikariPool-1 housekeeper] com.zaxxer.hikari.pool.HikariPool        : HikariPool-1 - Retrograde clock change detected (housekeeper delta=24s577ms), soft-evicting connections from pool.
2018-04-25 11:57:29.741  WARN 69333 --- [HikariPool-1 housekeeper] com.zaxxer.hikari.pool.HikariPool        : HikariPool-1 - Thread starvation or clock leap detected (housekeeper delta=18m564ms).
2018-04-25 12:14:00.655  WARN 69333 --- [HikariPool-1 housekeeper] com.zaxxer.hikari.pool.HikariPool        : HikariPool-1 - Retrograde clock change detected (housekeeper delta=22s949ms), soft-evicting connections from pool.
2018-04-25 14:22:04.513  WARN 69333 --- [HikariPool-1 housekeeper] com.zaxxer.hikari.pool.HikariPool        : HikariPool-1 - Thread starvation or clock leap detected (housekeeper delta=1h26m3s452ms).
2018-04-25 14:22:19.250  WARN 69333 --- [HikariPool-1 housekeeper] com.zaxxer.hikari.pool.HikariPool        : HikariPool-1 - Retrograde clock change detected (housekeeper delta=14s737ms), soft-evicting connections from pool.
2018-04-25 14:27:42.841  WARN 69333 --- [HikariPool-1 housekeeper] com.zaxxer.hikari.pool.HikariPool        : HikariPool-1 - Thread starvation or clock leap detected (housekeeper delta=3m53s553ms).
2018-04-25 14:32:05.675  WARN 69333 --- [HikariPool-1 housekeeper] com.zaxxer.hikari.pool.HikariPool        : HikariPool-1 - Thread starvation or clock leap detected (housekeeper delta=3m52s825ms).
2018-04-25 14:35:32.203  WARN 69333 --- [HikariPool-1 housekeeper] com.zaxxer.hikari.pool.HikariPool        : HikariPool-1 - Thread starvation or clock leap detected (housekeeper delta=2m56s516ms).
2018-04-25 16:38:11.068  WARN 69333 --- [HikariPool-1 housekeeper] com.zaxxer.hikari.pool.HikariPool        : HikariPool-1 - Thread starvation or clock leap detected (housekeeper delta=9m37s425ms).
2018-04-25 16:53:03.945  WARN 69333 --- [HikariPool-1 housekeeper] com.zaxxer.hikari.pool.HikariPool        : HikariPool-1 - Retrograde clock change detected (housekeeper delta=22s752ms), soft-evicting connections from pool.
2018-04-25 17:16:18.737  WARN 69333 --- [HikariPool-1 housekeeper] com.zaxxer.hikari.pool.HikariPool        : HikariPool-1 - Thread starvation or clock leap detected (housekeeper delta=2m37s98ms).
2018-04-25 17:37:18.300  WARN 69333 --- [HikariPool-1 housekeeper] com.zaxxer.hikari.pool.HikariPool        : HikariPool-1 - Thread starvation or clock leap detected (housekeeper delta=15m59s506ms).
2018-04-25 18:24:05.809  WARN 69333 --- [HikariPool-1 housekeeper] com.zaxxer.hikari.pool.HikariPool        : HikariPool-1 - Thread starvation or clock leap detected (housekeeper delta=23m4s78ms).
2018-04-25 22:09:29.696  WARN 69333 --- [HikariPool-1 housekeeper] com.zaxxer.hikari.pool.HikariPool        : HikariPool-1 - Thread starvation or clock leap detected (housekeeper delta=3h44m53s834ms).
2018-04-25 22:09:52.287  WARN 69333 --- [HikariPool-1 housekeeper] com.zaxxer.hikari.pool.HikariPool        : HikariPool-1 - Retrograde clock change detected (housekeeper delta=22s611ms), soft-evicting connections from pool.
2018-04-25 22:19:39.477  WARN 69333 --- [HikariPool-1 housekeeper] com.zaxxer.hikari.pool.HikariPool        : HikariPool-1 - Thread starvation or clock leap detected (housekeeper delta=3m17s113ms).
2018-04-25 22:25:00.954  WARN 69333 --- [HikariPool-1 housekeeper] com.zaxxer.hikari.pool.HikariPool        : HikariPool-1 - Retrograde clock change detected (housekeeper delta=21s441ms), soft-evicting connections from pool.
2018-04-25 22:50:20.815  WARN 69333 --- [HikariPool-1 housekeeper] com.zaxxer.hikari.pool.HikariPool        : HikariPool-1 - Thread starvation or clock leap detected (housekeeper delta=14m41s798ms).
2018-04-25 22:50:43.265  WARN 69333 --- [HikariPool-1 housekeeper] com.zaxxer.hikari.pool.HikariPool        : HikariPool-1 - Retrograde clock change detected (housekeeper delta=22s450ms), soft-evicting connections from pool.
2018-04-25 23:00:04.569  INFO 74953 --- [restartedMain] com.enno.blog.BlogApplication            : Starting BlogApplication on Ennos-MacBook-Pro.local with PID 74953 (/Users/huangxiaolong/IdeaProjects/blog/target/classes started by huangxiaolong in /Users/huangxiaolong/IdeaProjects/blog)
2018-04-25 23:00:04.570  INFO 74953 --- [restartedMain] com.enno.blog.BlogApplication            : The following profiles are active: pro
2018-04-25 23:00:07.833  WARN 74953 --- [restartedMain] aWebConfiguration$JpaWebMvcConfiguration : spring.jpa.open-in-view is enabled by default. Therefore, database queries may be performed during view rendering. Explicitly configure spring.jpa.open-in-view to disable this warning
2018-04-25 23:00:08.311  INFO 74953 --- [restartedMain] com.enno.blog.BlogApplication            : Started BlogApplication in 4.275 seconds (JVM running for 5.316)
