2018-07-31 19:58:02.191  INFO 27506 --- [restartedMain] com.enno.blog.BlogApplication            : Starting BlogApplication on wifi-172-23-29-39.uoa-wifi.auckland.ac.nz with PID 27506 (/Users/huangxiaolong/IdeaProjects/blog/target/classes started by huangxiaolong in /Users/huangxiaolong/IdeaProjects/blog)
2018-07-31 19:58:02.198 DEBUG 27506 --- [restartedMain] com.enno.blog.BlogApplication            : Running with Spring Boot v2.0.1.RELEASE, Spring v5.0.5.RELEASE
2018-07-31 19:58:02.202  INFO 27506 --- [restartedMain] com.enno.blog.BlogApplication            : The following profiles are active: dev
2018-07-31 19:58:02.489  INFO 27506 --- [restartedMain] ConfigServletWebServerApplicationContext : Refreshing org.springframework.boot.web.servlet.context.AnnotationConfigServletWebServerApplicationContext@1d7fece0: startup date [Tue Jul 31 19:58:02 NZST 2018]; root of context hierarchy
2018-07-31 19:58:04.193  INFO 27506 --- [restartedMain] trationDelegate$BeanPostProcessorChecker : Bean 'org.springframework.transaction.annotation.ProxyTransactionManagementConfiguration' of type [org.springframework.transaction.annotation.ProxyTransactionManagementConfiguration$$EnhancerBySpringCGLIB$$aa781fb7] is not eligible for getting processed by all BeanPostProcessors (for example: not eligible for auto-proxying)
2018-07-31 19:58:04.837  INFO 27506 --- [restartedMain] o.s.b.w.embedded.tomcat.TomcatWebServer  : Tomcat initialized with port(s): 8080 (http)
2018-07-31 19:58:04.875  INFO 27506 --- [restartedMain] o.apache.catalina.core.StandardService   : Starting service [Tomcat]
2018-07-31 19:58:04.876  INFO 27506 --- [restartedMain] org.apache.catalina.core.StandardEngine  : Starting Servlet Engine: Apache Tomcat/8.5.29
2018-07-31 19:58:04.879  INFO 27506 --- [localhost-startStop-1] o.a.catalina.core.AprLifecycleListener   : The APR based Apache Tomcat Native library which allows optimal performance in production environments was not found on the java.library.path: [/Users/huangxiaolong/Library/Java/Extensions:/Library/Java/Extensions:/Network/Library/Java/Extensions:/System/Library/Java/Extensions:/usr/lib/java:.]
2018-07-31 19:58:04.973  INFO 27506 --- [localhost-startStop-1] o.a.c.c.C.[Tomcat].[localhost].[/]       : Initializing Spring embedded WebApplicationContext
2018-07-31 19:58:04.974  INFO 27506 --- [localhost-startStop-1] o.s.web.context.ContextLoader            : Root WebApplicationContext: initialization completed in 2485 ms
2018-07-31 19:58:05.166  INFO 27506 --- [localhost-startStop-1] o.s.b.w.servlet.ServletRegistrationBean  : Servlet dispatcherServlet mapped to [/]
2018-07-31 19:58:05.171  INFO 27506 --- [localhost-startStop-1] o.s.b.w.servlet.FilterRegistrationBean   : Mapping filter: 'characterEncodingFilter' to: [/*]
2018-07-31 19:58:05.175  INFO 27506 --- [localhost-startStop-1] o.s.b.w.servlet.FilterRegistrationBean   : Mapping filter: 'hiddenHttpMethodFilter' to: [/*]
2018-07-31 19:58:05.175  INFO 27506 --- [localhost-startStop-1] o.s.b.w.servlet.FilterRegistrationBean   : Mapping filter: 'httpPutFormContentFilter' to: [/*]
2018-07-31 19:58:05.175  INFO 27506 --- [localhost-startStop-1] o.s.b.w.servlet.FilterRegistrationBean   : Mapping filter: 'requestContextFilter' to: [/*]
2018-07-31 19:58:05.442  INFO 27506 --- [restartedMain] com.zaxxer.hikari.HikariDataSource       : HikariPool-1 - Starting...
2018-07-31 19:58:05.837  INFO 27506 --- [restartedMain] com.zaxxer.hikari.HikariDataSource       : HikariPool-1 - Start completed.
2018-07-31 19:58:05.904  INFO 27506 --- [restartedMain] j.LocalContainerEntityManagerFactoryBean : Building JPA container EntityManagerFactory for persistence unit 'default'
2018-07-31 19:58:05.923  INFO 27506 --- [restartedMain] o.hibernate.jpa.internal.util.LogHelper  : HHH000204: Processing PersistenceUnitInfo [
	name: default
	...]
2018-07-31 19:58:06.026  INFO 27506 --- [restartedMain] org.hibernate.Version                    : HHH000412: Hibernate Core {5.2.16.Final}
2018-07-31 19:58:06.028  INFO 27506 --- [restartedMain] org.hibernate.cfg.Environment            : HHH000206: hibernate.properties not found
2018-07-31 19:58:06.087  INFO 27506 --- [restartedMain] o.hibernate.annotations.common.Version   : HCANN000001: Hibernate Commons Annotations {5.0.1.Final}
2018-07-31 19:58:06.316  INFO 27506 --- [restartedMain] org.hibernate.dialect.Dialect            : HHH000400: Using dialect: org.hibernate.dialect.MySQL5Dialect
2018-07-31 19:58:07.194  INFO 27506 --- [restartedMain] j.LocalContainerEntityManagerFactoryBean : Initialized JPA EntityManagerFactory for persistence unit 'default'
2018-07-31 19:58:07.642  INFO 27506 --- [restartedMain] o.h.h.i.QueryTranslatorFactoryInitiator  : HHH000397: Using ASTQueryTranslatorFactory
2018-07-31 19:58:08.049  INFO 27506 --- [restartedMain] o.s.w.s.handler.SimpleUrlHandlerMapping  : Mapped URL path [/**/favicon.ico] onto handler of type [class org.springframework.web.servlet.resource.ResourceHttpRequestHandler]
2018-07-31 19:58:08.340  INFO 27506 --- [restartedMain] s.w.s.m.m.a.RequestMappingHandlerAdapter : Looking for @ControllerAdvice: org.springframework.boot.web.servlet.context.AnnotationConfigServletWebServerApplicationContext@1d7fece0: startup date [Tue Jul 31 19:58:02 NZST 2018]; root of context hierarchy
2018-07-31 19:58:08.381  WARN 27506 --- [restartedMain] aWebConfiguration$JpaWebMvcConfiguration : spring.jpa.open-in-view is enabled by default. Therefore, database queries may be performed during view rendering. Explicitly configure spring.jpa.open-in-view to disable this warning
2018-07-31 19:58:08.424  INFO 27506 --- [restartedMain] s.w.s.m.m.a.RequestMappingHandlerMapping : Mapped "{[/comments],methods=[POST]}" onto public java.lang.String com.enno.blog.web.CommentController.post(com.enno.blog.po.Comment,javax.servlet.http.HttpSession)
2018-07-31 19:58:08.425  INFO 27506 --- [restartedMain] s.w.s.m.m.a.RequestMappingHandlerMapping : Mapped "{[/comments/{blogId}],methods=[GET]}" onto public java.lang.String com.enno.blog.web.CommentController.comments(java.lang.Long,org.springframework.ui.Model)
2018-07-31 19:58:08.426  INFO 27506 --- [restartedMain] s.w.s.m.m.a.RequestMappingHandlerMapping : Mapped "{[/tags/{id}],methods=[GET]}" onto public java.lang.String com.enno.blog.web.TagShowController.tags(org.springframework.data.domain.Pageable,java.lang.Long,org.springframework.ui.Model)
2018-07-31 19:58:08.426  INFO 27506 --- [restartedMain] s.w.s.m.m.a.RequestMappingHandlerMapping : Mapped "{[/types/{id}],methods=[GET]}" onto public java.lang.String com.enno.blog.web.TypeShowController.types(org.springframework.data.domain.Pageable,java.lang.Long,org.springframework.ui.Model)
2018-07-31 19:58:08.427  INFO 27506 --- [restartedMain] s.w.s.m.m.a.RequestMappingHandlerMapping : Mapped "{[/archives],methods=[GET]}" onto public java.lang.String com.enno.blog.web.admin.ArchiveShowController.archives(org.springframework.ui.Model)
2018-07-31 19:58:08.428  INFO 27506 --- [restartedMain] s.w.s.m.m.a.RequestMappingHandlerMapping : Mapped "{[/admin/blogs/{id}/delete],methods=[GET]}" onto public java.lang.String com.enno.blog.web.admin.BlogController.delete(java.lang.Long,org.springframework.web.servlet.mvc.support.RedirectAttributes)
2018-07-31 19:58:08.429  INFO 27506 --- [restartedMain] s.w.s.m.m.a.RequestMappingHandlerMapping : Mapped "{[/admin/blogs/search],methods=[POST]}" onto public java.lang.String com.enno.blog.web.admin.BlogController.search(org.springframework.data.domain.Pageable,com.enno.blog.vo.BlogQuery,org.springframework.ui.Model)
2018-07-31 19:58:08.429  INFO 27506 --- [restartedMain] s.w.s.m.m.a.RequestMappingHandlerMapping : Mapped "{[/admin/blogs],methods=[POST]}" onto public java.lang.String com.enno.blog.web.admin.BlogController.post(com.enno.blog.po.Blog,org.springframework.web.servlet.mvc.support.RedirectAttributes,javax.servlet.http.HttpSession)
2018-07-31 19:58:08.429  INFO 27506 --- [restartedMain] s.w.s.m.m.a.RequestMappingHandlerMapping : Mapped "{[/admin/blogs],methods=[GET]}" onto public java.lang.String com.enno.blog.web.admin.BlogController.blogs(org.springframework.data.domain.Pageable,com.enno.blog.vo.BlogQuery,org.springframework.ui.Model)
2018-07-31 19:58:08.429  INFO 27506 --- [restartedMain] s.w.s.m.m.a.RequestMappingHandlerMapping : Mapped "{[/admin/blogs/{id}/input],methods=[GET]}" onto public java.lang.String com.enno.blog.web.admin.BlogController.editInput(java.lang.Long,org.springframework.ui.Model)
2018-07-31 19:58:08.430  INFO 27506 --- [restartedMain] s.w.s.m.m.a.RequestMappingHandlerMapping : Mapped "{[/admin/blogs/input],methods=[GET]}" onto public java.lang.String com.enno.blog.web.admin.BlogController.input(org.springframework.ui.Model)
2018-07-31 19:58:08.432  INFO 27506 --- [restartedMain] s.w.s.m.m.a.RequestMappingHandlerMapping : Mapped "{[/admin/login],methods=[POST]}" onto public java.lang.String com.enno.blog.web.admin.LoginController.login(java.lang.String,java.lang.String,javax.servlet.http.HttpSession,org.springframework.web.servlet.mvc.support.RedirectAttributes)
2018-07-31 19:58:08.432  INFO 27506 --- [restartedMain] s.w.s.m.m.a.RequestMappingHandlerMapping : Mapped "{[/admin],methods=[GET]}" onto public java.lang.String com.enno.blog.web.admin.LoginController.loginPage()
2018-07-31 19:58:08.432  INFO 27506 --- [restartedMain] s.w.s.m.m.a.RequestMappingHandlerMapping : Mapped "{[/admin/logout],methods=[GET]}" onto public java.lang.String com.enno.blog.web.admin.LoginController.logout(javax.servlet.http.HttpSession)
2018-07-31 19:58:08.435  INFO 27506 --- [restartedMain] s.w.s.m.m.a.RequestMappingHandlerMapping : Mapped "{[/admin/tags/{id}/delete],methods=[GET]}" onto public java.lang.String com.enno.blog.web.admin.TagController.delete(java.lang.Long,org.springframework.web.servlet.mvc.support.RedirectAttributes)
2018-07-31 19:58:08.435  INFO 27506 --- [restartedMain] s.w.s.m.m.a.RequestMappingHandlerMapping : Mapped "{[/admin/tags],methods=[GET]}" onto public java.lang.String com.enno.blog.web.admin.TagController.tags(org.springframework.data.domain.Pageable,org.springframework.ui.Model)
2018-07-31 19:58:08.435  INFO 27506 --- [restartedMain] s.w.s.m.m.a.RequestMappingHandlerMapping : Mapped "{[/admin/tags],methods=[POST]}" onto public java.lang.String com.enno.blog.web.admin.TagController.post(com.enno.blog.po.Tag,org.springframework.validation.BindingResult,org.springframework.web.servlet.mvc.support.RedirectAttributes)
2018-07-31 19:58:08.435  INFO 27506 --- [restartedMain] s.w.s.m.m.a.RequestMappingHandlerMapping : Mapped "{[/admin/tags/{id}/input],methods=[GET]}" onto public java.lang.String com.enno.blog.web.admin.TagController.editInput(java.lang.Long,org.springframework.ui.Model)
2018-07-31 19:58:08.436  INFO 27506 --- [restartedMain] s.w.s.m.m.a.RequestMappingHandlerMapping : Mapped "{[/admin/tags/{id}],methods=[POST]}" onto public java.lang.String com.enno.blog.web.admin.TagController.editPost(com.enno.blog.po.Tag,org.springframework.validation.BindingResult,java.lang.Long,org.springframework.web.servlet.mvc.support.RedirectAttributes)
2018-07-31 19:58:08.436  INFO 27506 --- [restartedMain] s.w.s.m.m.a.RequestMappingHandlerMapping : Mapped "{[/admin/tags/input],methods=[GET]}" onto public java.lang.String com.enno.blog.web.admin.TagController.input(org.springframework.ui.Model)
2018-07-31 19:58:08.439  INFO 27506 --- [restartedMain] s.w.s.m.m.a.RequestMappingHandlerMapping : Mapped "{[/admin/types/{id}/delete],methods=[GET]}" onto public java.lang.String com.enno.blog.web.admin.TypeController.delete(java.lang.Long,org.springframework.web.servlet.mvc.support.RedirectAttributes)
2018-07-31 19:58:08.440  INFO 27506 --- [restartedMain] s.w.s.m.m.a.RequestMappingHandlerMapping : Mapped "{[/admin/types],methods=[POST]}" onto public java.lang.String com.enno.blog.web.admin.TypeController.post(com.enno.blog.po.Type,org.springframework.validation.BindingResult,org.springframework.web.servlet.mvc.support.RedirectAttributes)
2018-07-31 19:58:08.440  INFO 27506 --- [restartedMain] s.w.s.m.m.a.RequestMappingHandlerMapping : Mapped "{[/admin/types/{id}/input],methods=[GET]}" onto public java.lang.String com.enno.blog.web.admin.TypeController.editInput(java.lang.Long,org.springframework.ui.Model)
2018-07-31 19:58:08.440  INFO 27506 --- [restartedMain] s.w.s.m.m.a.RequestMappingHandlerMapping : Mapped "{[/admin/types/{id}],methods=[POST]}" onto public java.lang.String com.enno.blog.web.admin.TypeController.editPost(com.enno.blog.po.Type,org.springframework.validation.BindingResult,java.lang.Long,org.springframework.web.servlet.mvc.support.RedirectAttributes)
2018-07-31 19:58:08.440  INFO 27506 --- [restartedMain] s.w.s.m.m.a.RequestMappingHandlerMapping : Mapped "{[/admin/types],methods=[GET]}" onto public java.lang.String com.enno.blog.web.admin.TypeController.types(org.springframework.data.domain.Pageable,org.springframework.ui.Model)
2018-07-31 19:58:08.441  INFO 27506 --- [restartedMain] s.w.s.m.m.a.RequestMappingHandlerMapping : Mapped "{[/admin/types/input],methods=[GET]}" onto public java.lang.String com.enno.blog.web.admin.TypeController.input(org.springframework.ui.Model)
2018-07-31 19:58:08.442  INFO 27506 --- [restartedMain] s.w.s.m.m.a.RequestMappingHandlerMapping : Mapped "{[/],methods=[GET]}" onto public java.lang.String com.enno.blog.web.indexController.index(org.springframework.data.domain.Pageable,org.springframework.ui.Model)
2018-07-31 19:58:08.444  INFO 27506 --- [restartedMain] s.w.s.m.m.a.RequestMappingHandlerMapping : Mapped "{[/search],methods=[POST]}" onto public java.lang.String com.enno.blog.web.indexController.search(org.springframework.data.domain.Pageable,java.lang.String,org.springframework.ui.Model)
2018-07-31 19:58:08.445  INFO 27506 --- [restartedMain] s.w.s.m.m.a.RequestMappingHandlerMapping : Mapped "{[/blog/{id}],methods=[GET]}" onto public java.lang.String com.enno.blog.web.indexController.blog(java.lang.Long,org.springframework.ui.Model)
2018-07-31 19:58:08.447  INFO 27506 --- [restartedMain] s.w.s.m.m.a.RequestMappingHandlerMapping : Mapped "{[/error]}" onto public org.springframework.http.ResponseEntity<java.util.Map<java.lang.String, java.lang.Object>> org.springframework.boot.autoconfigure.web.servlet.error.BasicErrorController.error(javax.servlet.http.HttpServletRequest)
2018-07-31 19:58:08.448  INFO 27506 --- [restartedMain] s.w.s.m.m.a.RequestMappingHandlerMapping : Mapped "{[/error],produces=[text/html]}" onto public org.springframework.web.servlet.ModelAndView org.springframework.boot.autoconfigure.web.servlet.error.BasicErrorController.errorHtml(javax.servlet.http.HttpServletRequest,javax.servlet.http.HttpServletResponse)
2018-07-31 19:58:08.494  INFO 27506 --- [restartedMain] o.s.w.s.handler.SimpleUrlHandlerMapping  : Mapped URL path [/webjars/**] onto handler of type [class org.springframework.web.servlet.resource.ResourceHttpRequestHandler]
2018-07-31 19:58:08.494  INFO 27506 --- [restartedMain] o.s.w.s.handler.SimpleUrlHandlerMapping  : Mapped URL path [/**] onto handler of type [class org.springframework.web.servlet.resource.ResourceHttpRequestHandler]
2018-07-31 19:58:08.512  INFO 27506 --- [restartedMain] .m.m.a.ExceptionHandlerExceptionResolver : Detected @ExceptionHandler methods in controllerExceptionHandler
2018-07-31 19:58:08.647  INFO 27506 --- [restartedMain] o.s.b.a.w.s.WelcomePageHandlerMapping    : Adding welcome page template: index
2018-07-31 19:58:08.930  INFO 27506 --- [restartedMain] o.s.b.d.a.OptionalLiveReloadServer       : LiveReload server is running on port 35729
2018-07-31 19:58:08.957  INFO 27506 --- [restartedMain] o.s.j.e.a.AnnotationMBeanExporter        : Registering beans for JMX exposure on startup
2018-07-31 19:58:08.959  INFO 27506 --- [restartedMain] o.s.j.e.a.AnnotationMBeanExporter        : Bean with name 'dataSource' has been autodetected for JMX exposure
2018-07-31 19:58:08.963  INFO 27506 --- [restartedMain] o.s.j.e.a.AnnotationMBeanExporter        : Located MBean 'dataSource': registering with JMX server as MBean [com.zaxxer.hikari:name=dataSource,type=HikariDataSource]
2018-07-31 19:58:09.008  INFO 27506 --- [restartedMain] o.s.b.w.embedded.tomcat.TomcatWebServer  : Tomcat started on port(s): 8080 (http) with context path ''
2018-07-31 19:58:09.011  INFO 27506 --- [restartedMain] com.enno.blog.BlogApplication            : Started BlogApplication in 7.672 seconds (JVM running for 8.923)
2018-07-31 19:58:16.433  INFO 27506 --- [http-nio-8080-exec-1] o.a.c.c.C.[Tomcat].[localhost].[/]       : Initializing Spring FrameworkServlet 'dispatcherServlet'
2018-07-31 19:58:16.433  INFO 27506 --- [http-nio-8080-exec-1] o.s.web.servlet.DispatcherServlet        : FrameworkServlet 'dispatcherServlet': initialization started
2018-07-31 19:58:16.459  INFO 27506 --- [http-nio-8080-exec-1] o.s.web.servlet.DispatcherServlet        : FrameworkServlet 'dispatcherServlet': initialization completed in 25 ms
2018-07-31 19:58:16.496  INFO 27506 --- [http-nio-8080-exec-1] com.enno.blog.aspect.logAspect           : Request : RequestLog{url='/', ip='0:0:0:0:0:0:0:1', classMethod='com.enno.blog.web.indexController.index', args=[Page request [number: 0, size 8, sort: updateTime: DESC], {}]}
2018-07-31 19:58:16.624  WARN 27506 --- [http-nio-8080-exec-1] org.hibernate.orm.deprecation            : HHH90000016: Found use of deprecated 'collection property' syntax in HQL/JPQL query [t.blogs.size]; use collection function syntax instead [size(t.blogs)].
2018-07-31 19:58:16.658  WARN 27506 --- [http-nio-8080-exec-1] org.hibernate.orm.deprecation            : HHH90000016: Found use of deprecated 'collection property' syntax in HQL/JPQL query [t.blogs.size]; use collection function syntax instead [size(t.blogs)].
2018-07-31 19:58:16.677  INFO 27506 --- [http-nio-8080-exec-1] com.enno.blog.aspect.logAspect           : Result : index
2018-07-31 19:58:22.431  INFO 27506 --- [http-nio-8080-exec-4] com.enno.blog.aspect.logAspect           : Request : RequestLog{url='/types/-1', ip='0:0:0:0:0:0:0:1', classMethod='com.enno.blog.web.TypeShowController.types', args=[Page request [number: 0, size 8, sort: updateTime: DESC], -1, {}]}
2018-07-31 19:58:22.451  INFO 27506 --- [http-nio-8080-exec-4] com.enno.blog.aspect.logAspect           : Result : types
2018-07-31 19:58:25.875  INFO 27506 --- [http-nio-8080-exec-3] com.enno.blog.aspect.logAspect           : Request : RequestLog{url='/tags/-1', ip='0:0:0:0:0:0:0:1', classMethod='com.enno.blog.web.TagShowController.tags', args=[Page request [number: 0, size 8, sort: updateTime: DESC], -1, {}]}
2018-07-31 19:58:25.902  INFO 27506 --- [http-nio-8080-exec-3] com.enno.blog.aspect.logAspect           : Result : tags
2018-07-31 20:02:13.088  INFO 27506 --- [http-nio-8080-exec-2] com.enno.blog.aspect.logAspect           : Request : RequestLog{url='/blog/1', ip='0:0:0:0:0:0:0:1', classMethod='com.enno.blog.web.indexController.blog', args=[1, {}]}
2018-07-31 20:02:13.192  INFO 27506 --- [http-nio-8080-exec-2] com.enno.blog.aspect.logAspect           : Result : blog
2018-07-31 20:02:13.808  INFO 27506 --- [http-nio-8080-exec-5] com.enno.blog.aspect.logAspect           : Request : RequestLog{url='/comments/1', ip='0:0:0:0:0:0:0:1', classMethod='com.enno.blog.web.CommentController.comments', args=[1, {}]}
2018-07-31 20:02:13.904  INFO 27506 --- [http-nio-8080-exec-5] com.enno.blog.aspect.logAspect           : Result : blog :: commentList
2018-07-31 20:03:38.039  INFO 27506 --- [http-nio-8080-exec-1] com.enno.blog.aspect.logAspect           : Request : RequestLog{url='/blog/1', ip='0:0:0:0:0:0:0:1', classMethod='com.enno.blog.web.indexController.blog', args=[1, {}]}
2018-07-31 20:03:38.050  INFO 27506 --- [http-nio-8080-exec-1] com.enno.blog.aspect.logAspect           : Result : blog
2018-07-31 20:03:38.863  INFO 27506 --- [http-nio-8080-exec-7] com.enno.blog.aspect.logAspect           : Request : RequestLog{url='/comments/1', ip='0:0:0:0:0:0:0:1', classMethod='com.enno.blog.web.CommentController.comments', args=[1, {}]}
2018-07-31 20:03:38.932  INFO 27506 --- [http-nio-8080-exec-7] com.enno.blog.aspect.logAspect           : Result : blog :: commentList
2018-07-31 20:03:42.492  INFO 27506 --- [http-nio-8080-exec-8] com.enno.blog.aspect.logAspect           : Request : RequestLog{url='/tags/-1', ip='0:0:0:0:0:0:0:1', classMethod='com.enno.blog.web.TagShowController.tags', args=[Page request [number: 0, size 8, sort: updateTime: DESC], -1, {}]}
2018-07-31 20:03:42.501  INFO 27506 --- [http-nio-8080-exec-8] com.enno.blog.aspect.logAspect           : Result : tags
2018-07-31 20:03:43.476  INFO 27506 --- [http-nio-8080-exec-9] com.enno.blog.aspect.logAspect           : Request : RequestLog{url='/', ip='0:0:0:0:0:0:0:1', classMethod='com.enno.blog.web.indexController.index', args=[Page request [number: 0, size 8, sort: updateTime: DESC], {}]}
2018-07-31 20:03:43.488  INFO 27506 --- [http-nio-8080-exec-9] com.enno.blog.aspect.logAspect           : Result : index
2018-07-31 20:03:44.502  INFO 27506 --- [http-nio-8080-exec-6] com.enno.blog.aspect.logAspect           : Request : RequestLog{url='/types/-1', ip='0:0:0:0:0:0:0:1', classMethod='com.enno.blog.web.TypeShowController.types', args=[Page request [number: 0, size 8, sort: updateTime: DESC], -1, {}]}
2018-07-31 20:03:44.510  INFO 27506 --- [http-nio-8080-exec-6] com.enno.blog.aspect.logAspect           : Result : types
2018-07-31 20:03:45.276  INFO 27506 --- [http-nio-8080-exec-2] com.enno.blog.aspect.logAspect           : Request : RequestLog{url='/tags/-1', ip='0:0:0:0:0:0:0:1', classMethod='com.enno.blog.web.TagShowController.tags', args=[Page request [number: 0, size 8, sort: updateTime: DESC], -1, {}]}
2018-07-31 20:03:45.287  INFO 27506 --- [http-nio-8080-exec-2] com.enno.blog.aspect.logAspect           : Result : tags
2018-07-31 20:04:04.166  INFO 27506 --- [Thread-24] ConfigServletWebServerApplicationContext : Closing org.springframework.boot.web.servlet.context.AnnotationConfigServletWebServerApplicationContext@1d7fece0: startup date [Tue Jul 31 19:58:02 NZST 2018]; root of context hierarchy
2018-07-31 20:04:04.171  INFO 27506 --- [Thread-24] o.s.j.e.a.AnnotationMBeanExporter        : Unregistering JMX-exposed beans on shutdown
2018-07-31 20:04:04.172  INFO 27506 --- [Thread-24] o.s.j.e.a.AnnotationMBeanExporter        : Unregistering JMX-exposed beans
2018-07-31 20:04:04.172  INFO 27506 --- [Thread-24] j.LocalContainerEntityManagerFactoryBean : Closing JPA EntityManagerFactory for persistence unit 'default'
2018-07-31 20:04:04.174  INFO 27506 --- [Thread-24] com.zaxxer.hikari.HikariDataSource       : HikariPool-1 - Shutdown initiated...
2018-07-31 20:04:04.181  INFO 27506 --- [Thread-24] com.zaxxer.hikari.HikariDataSource       : HikariPool-1 - Shutdown completed.
